<?xml version="1.0" encoding="UTF-8"?>
<!-- Generated by org.testng.reporters.JUnitReportReporter -->
<testsuite hostname="DURGESH" name="com.mk.Onchip.Form_filling_Manually" tests="1" failures="0" timestamp="25 Sep 2017 11:17:43 GMT" time="75.890" errors="0">
  <testcase name="formfill" time="75.890" classname="com.mk.Onchip.Form_filling_Manually"/>
</testsuite> <!-- com.mk.Onchip.Form_filling_Manually -->
