<?xml version="1.0" encoding="UTF-8"?>
<!-- Generated by org.testng.reporters.JUnitReportReporter -->
<testsuite hostname="DURGESH" name="Testpages.Page2" tests="1" failures="0" timestamp="23 Mar 2018 11:19:57 GMT" time="96.696" errors="0">
  <testcase name="scenario2" time="96.696" classname="Testpages.Page2"/>
</testsuite> <!-- Testpages.Page2 -->
