<?xml version="1.0" encoding="UTF-8"?>
<!-- Generated by org.testng.reporters.JUnitReportReporter -->
<testsuite hostname="DURGESH" name="Testpages.Page1" tests="1" failures="0" timestamp="23 Mar 2018 11:09:32 GMT" time="98.656" errors="0">
  <testcase name="Alpha" time="98.656" classname="Testpages.Page1"/>
</testsuite> <!-- Testpages.Page1 -->
