<?xml version="1.0" encoding="UTF-8"?>
<!-- Generated by org.testng.reporters.JUnitReportReporter -->
<testsuite skipped="0" hostname="Lenovo-PC" name="com.qa.test.GetAPITest" tests="1" failures="0" timestamp="21 Jun 2018 13:57:02 GMT" time="3.108" errors="0">
  <testcase name="getTest" time="3.108" classname="com.qa.test.GetAPITest"/>
</testsuite> <!-- com.qa.test.GetAPITest -->
