<?xml version="1.0" encoding="UTF-8"?>
<!-- Generated by org.testng.reporters.JUnitReportReporter -->
<testsuite skipped="0" hostname="Lenovo-PC" name="com.qa.test.PostAPITest" tests="1" failures="0" timestamp="21 Jun 2018 17:55:49 GMT" time="4.781" errors="0">
  <testcase name="postAPITest" time="4.781" classname="com.qa.test.PostAPITest"/>
</testsuite> <!-- com.qa.test.PostAPITest -->
