<?xml version="1.0" encoding="UTF-8"?>
<!-- Generated by org.testng.reporters.JUnitReportReporter -->
<testsuite hostname="DURGESH" name="com.mk.onchip.Read_Data" tests="1" failures="0" timestamp="26 Sep 2017 10:36:20 GMT" time="0.397" errors="0">
  <testcase name="read" time="0.397" classname="com.mk.onchip.Read_Data"/>
</testsuite> <!-- com.mk.onchip.Read_Data -->
