<?xml version="1.0" encoding="UTF-8"?>
<!-- Generated by org.testng.reporters.JUnitReportReporter -->
<testsuite hostname="DURGESH" name="com.mk.onchip.Test1" tests="1" failures="0" timestamp="28 Sep 2017 15:35:04 GMT" time="130.342" errors="0">
  <testcase name="run" time="130.342" classname="com.mk.onchip.Test1"/>
</testsuite> <!-- com.mk.onchip.Test1 -->
