<?xml version="1.0" encoding="UTF-8"?>
<!-- Generated by org.testng.reporters.JUnitReportReporter -->
<testsuite hostname="DURGESH" name="com.mk.onchip.Test2" tests="1" failures="0" timestamp="27 Sep 2017 11:40:39 GMT" time="99.791" errors="0">
  <testcase name="run" time="99.791" classname="com.mk.onchip.Test2"/>
</testsuite> <!-- com.mk.onchip.Test2 -->
