<?xml version="1.0" encoding="UTF-8"?>
<!-- Generated by org.testng.reporters.JUnitReportReporter -->
<testsuite hostname="DURGESH" name="com.ab.onchip.UpdateXML" tests="1" failures="0" timestamp="10 Oct 2017 10:20:42 GMT" time="4.979" errors="0">
  <testcase name="enter" time="4.979" classname="com.ab.onchip.UpdateXML"/>
</testsuite> <!-- com.ab.onchip.UpdateXML -->
