<?xml version="1.0" encoding="UTF-8"?>
<!-- Generated by org.testng.reporters.JUnitReportReporter -->
<testsuite hostname="Lenovo-PC" name="com.ab.onchip.UpdateXML" tests="1" failures="0" timestamp="28 Jul 2018 10:33:52 GMT" time="5.232" errors="0">
  <testcase name="enter" time="5.232" classname="com.ab.onchip.UpdateXML"/>
</testsuite> <!-- com.ab.onchip.UpdateXML -->
