<?xml version="1.0" encoding="UTF-8"?>
<!-- Generated by org.testng.reporters.JUnitReportReporter -->
<testsuite skipped="0" hostname="DURGESH" name="com.mk.onchip.XmlGenerator" tests="1" failures="0" timestamp="04 Oct 2017 10:40:34 GMT" time="0.323" errors="0">
  <testcase name="gen" time="0.323" classname="com.mk.onchip.XmlGenerator"/>
</testsuite> <!-- com.mk.onchip.XmlGenerator -->
