<?xml version="1.0" encoding="UTF-8"?>
<!-- Generated by org.testng.reporters.JUnitReportReporter -->
<testsuite hostname="DURGESH" name="OrderStatus1" tests="1" failures="0" timestamp="16 Jan 2018 10:17:36 GMT" time="6.408" errors="0">
  <testcase name="load" time="6.408" classname="OrderStatus1"/>
</testsuite> <!-- OrderStatus1 -->
