<?xml version="1.0" encoding="UTF-8"?>
<!-- Generated by org.testng.reporters.JUnitReportReporter -->
<testsuite hostname="DURGESH" name="com.ot.alpha.Filling_Form" tests="1" failures="0" timestamp="6 Apr 2018 09:26:37 GMT" time="254.501" errors="0">
  <testcase name="fillform" time="254.501" classname="com.ot.alpha.Filling_Form"/>
</testsuite> <!-- com.ot.alpha.Filling_Form -->
